* using log directory '/Users/S_D/Documents/svn/patchwork/pkg/TAPS.Rcheck'
* using R version 3.0.0 (2013-04-03)
* using platform: x86_64-apple-darwin10.8.0 (64-bit)
* using session charset: ASCII
* checking for file 'TAPS/DESCRIPTION' ... OK
* checking extension type ... Package
* this is package 'TAPS' version '1.0'
* checking package namespace information ... OK
* checking package dependencies ... OK
* checking if this is a source package ... OK
* checking if there is a namespace ... OK
* checking for executable files ... OK
* checking for hidden files and directories ... NOTE
Found the following hidden files and directories:
  .DS_Store
  .Rhistory
  .svn/text-base/.Rhistory.svn-base
  R/.DS_Store
  man/.DS_Store
  .svn
  R/.svn
  man/.svn
These were most likely included in error. See section 'Package
structure' in the 'Writing R Extensions' manual.
* checking for portable file names ... OK
* checking for sufficient/correct file permissions ... OK
* checking whether package 'TAPS' can be installed ... OK
* checking installed package size ... OK
* checking package directory ... OK
* checking DESCRIPTION meta-information ... OK
* checking top-level files ... OK
* checking for left-over files ... OK
* checking index information ... OK
* checking package subdirectories ... OK
* checking R files for non-ASCII characters ... OK
* checking R files for syntax errors ... OK
* checking whether the package can be loaded ... OK
* checking whether the package can be loaded with stated dependencies ... OK
* checking whether the package can be unloaded cleanly ... OK
* checking whether the namespace can be loaded with stated dependencies ... OK
* checking whether the namespace can be unloaded cleanly ... OK
* checking for unstated dependencies in R code ... OK
* checking S3 generic/method consistency ... OK
* checking replacement functions ... OK
* checking foreign function calls ... OK
* checking R code for possible problems ... NOTE
File 'TAPS/R/zzz.r':
  .onLoad calls:
    packageStartupMessage("\n")
    packageStartupMessage("Welcome to TAPS")
    packageStartupMessage("\n")
    packageStartupMessage("Version: ", utils::packageDescription("TAPS")$Version)
    packageStartupMessage("\n")
    packageStartupMessage("If this is your first time running TAPS you should visit the")
    packageStartupMessage("homepage at (http://patchwork.r-forge.r-project.org/) or see ?TAPS.")
    packageStartupMessage("\n")
    packageStartupMessage("Remember to keep TAPS up to date: update.packages(repos=\"http://R-Forge.R-project.org\")")

See section 'Good practice' in '?.onAttach'.

TAPS_call: no visible binding for global variable 'localDir'
TAPS_region: no visible binding for global variable 'regs'
TAPS_region: no visible binding for global variable 'Log2'
TAPS_region: no visible binding for global variable 'alf'
subplot: no visible global function definition for 'viewport'
vplayout: no visible global function definition for 'grid.newpage'
vplayout: no visible global function definition for 'pushViewport'
vplayout: no visible global function definition for 'viewport'
vplayout: no visible global function definition for 'grid.layout'
* checking Rd files ... OK
* checking Rd metadata ... OK
* checking Rd cross-references ... OK
* checking for missing documentation entries ... OK
* checking for code/documentation mismatches ... OK
* checking Rd \usage sections ... OK
* checking Rd contents ... OK
* checking for unstated dependencies in examples ... OK
* checking R/sysdata.rda ... OK
* checking examples ... NONE
* checking PDF version of manual ... OK
NOTE: There were 2 notes.
See
  '/Users/S_D/Documents/svn/patchwork/pkg/TAPS.Rcheck/00check.log'
for details.
