* using log directory '/Users/S_D/Documents/svn/patchwork/pkg/patchworkCG.Rcheck'
* using R version 3.0.0 (2013-04-03)
* using platform: x86_64-apple-darwin10.8.0 (64-bit)
* using session charset: ASCII
* checking for file 'patchworkCG/DESCRIPTION' ... OK
* checking extension type ... Package
* this is package 'patchworkCG' version '2.0'
* checking package namespace information ... OK
* checking package dependencies ... OK
* checking if this is a source package ... OK
* checking if there is a namespace ... OK
* checking for executable files ... OK
* checking for hidden files and directories ... NOTE
Found the following hidden files and directories:
  .DS_Store
  .svn
  R/.svn
  data/.svn
  example_plots/.svn
  man/.svn
These were most likely included in error. See section 'Package
structure' in the 'Writing R Extensions' manual.
* checking for portable file names ... OK
* checking for sufficient/correct file permissions ... OK
* checking whether package 'patchworkCG' can be installed ... OK
* checking installed package size ... OK
* checking package directory ... OK
* checking DESCRIPTION meta-information ... OK
* checking top-level files ... OK
* checking for left-over files ... OK
* checking index information ... OK
* checking package subdirectories ... OK
* checking R files for non-ASCII characters ... OK
* checking R files for syntax errors ... OK
* checking whether the package can be loaded ... OK
* checking whether the package can be loaded with stated dependencies ... OK
* checking whether the package can be unloaded cleanly ... OK
* checking whether the namespace can be loaded with stated dependencies ... OK
* checking whether the namespace can be unloaded cleanly ... OK
* checking loading without being on the library search path ... OK
* checking for unstated dependencies in R code ... OK
* checking S3 generic/method consistency ... OK
* checking replacement functions ... OK
* checking foreign function calls ... OK
* checking R code for possible problems ... NOTE
File 'patchworkCG/R/zzz.R':
  .onLoad calls:
    packageStartupMessage("\n")
    packageStartupMessage("Welcome to patchwork for CompleteGenomics data!")
    packageStartupMessage("\n")
    packageStartupMessage("Version: ", utils::packageDescription("patchworkCG")$Version)
    packageStartupMessage("\n")
    packageStartupMessage("If this is your first time, please see the documentation at the")
    packageStartupMessage("homepage (http://patchwork.r-forge.r-project.org/) or in ?patchworkCG.readme")
    packageStartupMessage("or the README file found at the install location of patchworkCG/example_plots/README")

See section 'Good practice' in '?.onAttach'.

CG_KaCh: no visible binding for global variable 'ideogram'
CG_KaChCN: no visible binding for global variable 'ideogram'
CG_karyotype: no visible binding for global variable 'ideogram'
patchwork.CG.copynumbers: no visible binding for global variable
  'ideogram'
patchwork.CG.copynumbers: no visible binding for global variable 'segm'
patchwork.CG.copynumbers: no visible binding for global variable
  'depcov'
patchwork.CG.copynumbers: no visible binding for global variable
  'mastervar'
* checking Rd files ... OK
* checking Rd metadata ... OK
* checking Rd cross-references ... OK
* checking for missing documentation entries ... OK
* checking for code/documentation mismatches ... OK
* checking Rd \usage sections ... OK
* checking Rd contents ... OK
* checking for unstated dependencies in examples ... OK
* checking contents of 'data' directory ... OK
* checking data for non-ASCII characters ... OK
* checking data for ASCII and uncompressed saves ... OK
* checking examples ... OK
* checking PDF version of manual ... OK
NOTE: There were 2 notes.
See
  '/Users/S_D/Documents/svn/patchwork/pkg/patchworkCG.Rcheck/00check.log'
for details.
