Hmm ... looks like a package

This is pdfTeX, Version 3.1415926-2.3-1.40.12 (TeX Live 2011)
 restricted \write18 enabled.
entering extended mode

(/private/var/folders/zm/8v842d8n4172k1yc0589p8sw0000gn/T/RtmpLeeswJ/Rd2pdfe098
2ad7f84b/Rd2.tex
LaTeX2e <2009/09/24>
Babel <v3.8l> and hyphenation patterns for english, dumylang, nohyphenation, ge
rman-x-2009-06-19, ngerman-x-2009-06-19, afrikaans, ancientgreek, ibycus, arabi
c, armenian, basque, bulgarian, catalan, pinyin, coptic, croatian, czech, danis
h, dutch, ukenglish, usenglishmax, esperanto, estonian, ethiopic, farsi, finnis
h, french, galician, german, ngerman, swissgerman, monogreek, greek, hungarian,
 icelandic, assamese, bengali, gujarati, hindi, kannada, malayalam, marathi, or
iya, panjabi, tamil, telugu, indonesian, interlingua, irish, italian, kurmanji,
 lao, latin, latvian, lithuanian, mongolian, mongolianlmc, bokmal, nynorsk, pol
ish, portuguese, romanian, russian, sanskrit, serbian, serbianc, slovak, sloven
ian, spanish, swedish, turkish, turkmen, ukrainian, uppersorbian, welsh, loaded
.

(/usr/local/texlive/2011/texmf-dist/tex/latex/base/book.cls
Document Class: book 2007/10/19 v1.4h Standard LaTeX document class
(/usr/local/texlive/2011/texmf-dist/tex/latex/base/bk10.clo))
(/Library/Frameworks/R.framework/Resources/share/texmf/tex/latex/Rd.sty
(/usr/local/texlive/2011/texmf-dist/tex/latex/base/ifthen.sty)
(/usr/local/texlive/2011/texmf-dist/tex/latex/tools/longtable.sty)
(/usr/local/texlive/2011/texmf-dist/tex/latex/tools/bm.sty)
(/usr/local/texlive/2011/texmf-dist/tex/latex/base/alltt.sty)
(/usr/local/texlive/2011/texmf-dist/tex/latex/tools/verbatim.sty)
(/usr/local/texlive/2011/texmf-dist/tex/latex/url/url.sty) NOT loading ae
(/usr/local/texlive/2011/texmf-dist/tex/latex/base/fontenc.sty
(/usr/local/texlive/2011/texmf-dist/tex/latex/base/t1enc.def))
(/usr/local/texlive/2011/texmf-dist/tex/latex/psnfss/times.sty)
NOT loading lmodern
(/usr/local/texlive/2011/texmf-dist/tex/latex/inconsolata/inconsolata.sty
(/usr/local/texlive/2011/texmf-dist/tex/latex/base/textcomp.sty
(/usr/local/texlive/2011/texmf-dist/tex/latex/base/ts1enc.def))
(/usr/local/texlive/2011/texmf-dist/tex/latex/graphics/keyval.sty))
(/usr/local/texlive/2011/texmf-dist/tex/latex/graphics/color.sty
(/usr/local/texlive/2011/texmf-dist/tex/latex/latexconfig/color.cfg)
(/usr/local/texlive/2011/texmf-dist/tex/latex/pdftex-def/pdftex.def
(/usr/local/texlive/2011/texmf-dist/tex/generic/oberdiek/infwarerr.sty)
(/usr/local/texlive/2011/texmf-dist/tex/generic/oberdiek/ltxcmds.sty)))
(/usr/local/texlive/2011/texmf-dist/tex/latex/hyperref/hyperref.sty
(/usr/local/texlive/2011/texmf-dist/tex/generic/oberdiek/hobsub-hyperref.sty
(/usr/local/texlive/2011/texmf-dist/tex/generic/oberdiek/hobsub-generic.sty))
(/usr/local/texlive/2011/texmf-dist/tex/generic/ifxetex/ifxetex.sty)
(/usr/local/texlive/2011/texmf-dist/tex/latex/oberdiek/kvoptions.sty)
(/usr/local/texlive/2011/texmf-dist/tex/latex/hyperref/pd1enc.def)
(/usr/local/texlive/2011/texmf-dist/tex/latex/latexconfig/hyperref.cfg))

Package hyperref Message: Driver (autodetected): hpdftex.

(/usr/local/texlive/2011/texmf-dist/tex/latex/hyperref/hpdftex.def
(/usr/local/texlive/2011/texmf-dist/tex/latex/oberdiek/rerunfilecheck.sty))

Package hyperref Warning: Option `hyperindex' has already been used,
(hyperref)                setting the option has no effect on input line 356.


Package hyperref Warning: Option `pagebackref' has already been used,
(hyperref)                setting the option has no effect on input line 356.

) (/usr/local/texlive/2011/texmf-dist/tex/latex/base/makeidx.sty)
(/usr/local/texlive/2011/texmf-dist/tex/latex/base/inputenc.sty
(/usr/local/texlive/2011/texmf-dist/tex/latex/base/utf8.def
(/usr/local/texlive/2011/texmf-dist/tex/latex/base/t1enc.dfu)
(/usr/local/texlive/2011/texmf-dist/tex/latex/base/ot1enc.dfu)
(/usr/local/texlive/2011/texmf-dist/tex/latex/base/omsenc.dfu)
(/usr/local/texlive/2011/texmf-dist/tex/latex/base/ts1enc.dfu))
(/usr/local/texlive/2011/texmf-dist/tex/latex/base/latin1.def))
Writing index file Rd2.idx
No file Rd2.aux.
(/usr/local/texlive/2011/texmf-dist/tex/latex/base/ts1cmr.fd)
(/usr/local/texlive/2011/texmf-dist/tex/latex/psnfss/t1ptm.fd)
(/usr/local/texlive/2011/texmf-dist/tex/context/base/supp-pdf.mkii
[Loading MPS to PDF converter (version 2006.09.02).]
) (/usr/local/texlive/2011/texmf-dist/tex/latex/hyperref/nameref.sty
(/usr/local/texlive/2011/texmf-dist/tex/generic/oberdiek/gettitlestring.sty))
(/usr/local/texlive/2011/texmf-dist/tex/latex/inconsolata/t1fi4.fd)
(/usr/local/texlive/2011/texmf-dist/tex/latex/psnfss/t1phv.fd)
(/usr/local/texlive/2011/texmf-dist/tex/latex/base/utf8.def)
Overfull \hbox (30.7977pt too wide) in paragraph at lines 45--46
[]\T1/ptm/m/n/10 Chromosomes name of segm ob-ject, as gen-er-ated from so-mat-i
c-C-n-vSeg-mentsNonDiplod

Overfull \hbox (10.43842pt too wide) in paragraph at lines 66--67
[]\T1/ptm/m/n/10 Ratio be-tween av-er-agenor-mal-ized-cov-er-age and mean(avera
genormalizedcoverage)
[1{/usr/local/texlive/2011/texmf-var/fonts/map/pdftex/updmap/pdftex.map}]
Underfull \hbox (badness 10000) in paragraph at lines 91--92


Underfull \hbox (badness 10000) in paragraph at lines 93--96


Underfull \hbox (badness 10000) in paragraph at lines 105--108


Underfull \hbox (badness 10000) in paragraph at lines 111--114

(/usr/local/texlive/2011/texmf-dist/tex/latex/base/utf8.def)
Underfull \hbox (badness 10000) in paragraph at lines 128--128
[]\T1/ptm/m/it/10 Karyotype plot-ting for each chro-mo-some post patch-
[2]
Overfull \hbox (154.78088pt too wide) in paragraph at lines 138--138
 []\T1/fi4/m/n/10 CG_KaChCN(chr,start,end,int,ai,Cn,mCn,mchr,mpos,mval,sval,sch
r,spos,name='',xlim=c(0,2.4),ylim=c(0,1),maxCn=8)[] 

Overfull \hbox (10.43842pt too wide) in paragraph at lines 172--173
[]\T1/ptm/m/n/10 Ratio be-tween av-er-agenor-mal-ized-cov-er-age and mean(avera
genormalizedcoverage)

Underfull \hbox (badness 10000) in paragraph at lines 202--205


Underfull \hbox (badness 10000) in paragraph at lines 212--215

[3]
Underfull \hbox (badness 10000) in paragraph at lines 218--221


Underfull \hbox (badness 10000) in paragraph at lines 224--227


Overfull \hbox (99.07953pt too wide) in paragraph at lines 232--234
[]\T1/ptm/m/n/10 Markus Mayrhofer, \T1/fi4/m/n/10 <markus.mayrhofer@medsci.uu.s
e> \T1/ptm/m/n/10 Se-bas-tian DiLorenzo, \T1/fi4/m/n/10 <sebastian.dilorenzo@me
dsci.uu.se> 
(/usr/local/texlive/2011/texmf-dist/tex/latex/base/utf8.def)
Overfull \hbox (30.7977pt too wide) in paragraph at lines 256--257
[]\T1/ptm/m/n/10 Chromosomes name of segm ob-ject, as gen-er-ated from so-mat-i
c-C-n-vSeg-mentsNonDiplod

Underfull \hbox (badness 10000) in paragraph at lines 284--286

[4] (/usr/local/texlive/2011/texmf-dist/tex/latex/base/utf8.def)
Underfull \hbox (badness 10000) in paragraph at lines 354--356

[5] (/usr/local/texlive/2011/texmf-dist/tex/latex/base/utf8.def)
(/usr/local/texlive/2011/texmf-dist/tex/latex/base/utf8.def) [6]
Overfull \hbox (9.78088pt too wide) in paragraph at lines 428--428
 []\T1/fi4/m/n/10 patchwork.CG.copynumbers(cn2,delta,het,hom,maxCn=8,ceiling=1,
name="copynumbers_",[] 

Underfull \hbox (badness 10000) in paragraph at lines 470--474


Overfull \hbox (4.9977pt too wide) in paragraph at lines 475--477
\T1/ptm/m/n/10 gen-er-ate the plots and Copy-num-bers.csv. Other than this plot
s from CG_Ka_check and CG_KaChCN
[7] [8] (/usr/local/texlive/2011/texmf-dist/tex/latex/base/utf8.def) [9]
[10] (/usr/local/texlive/2011/texmf-dist/tex/latex/base/utf8.def) [11]
Overfull \hbox (15.23685pt too wide) in paragraph at lines 737--738
[]\T1/ptm/m/n/10 The source codes can also be down-loaded out-side of R at http
s://r-forge.r-project.org/R/?group_id=1250 

Overfull \hbox (50.31569pt too wide) in paragraph at lines 747--748
[]\T1/ptm/m/n/10 An un-packed Com-pleteGe-nomics tu-mor genome data ASM di-rec-
tory. Specif-i-cally the files ASM/masterVarBeta,

Overfull \hbox (147.59558pt too wide) in paragraph at lines 771--774
[]\T1/ptm/m/n/10 patchwork.CG.plot(path=NULL,name='CG_sample',manual_file_input
=FALSE, mas-ter-Var-Beta=NULL,somaticCnvSegments=NULL,
[12]
Overfull \hbox (3.09784pt too wide) in paragraph at lines 831--834
[]\T1/ptm/m/n/10 For this func-tion to work you will need to have ob-tained the
 CG.Rdata file from patch-work.CG.plot().

Overfull \hbox (93.89645pt too wide) in paragraph at lines 844--846
[]\T1/ptm/m/n/10 patchwork.CG.copynumbers(cn2,delta,het,hom,maxCn=8,ceiling=1,n
ame="copynumbers_", CG-file=NULL,forcedelta=F) 
[13]
Overfull \hbox (27.70715pt too wide) in paragraph at lines 869--874
\T1/ptm/m/n/10 to move it to your work-ing di-rec-tory, you can sim-ply in-put 
the path here as CG-file = "path/to/file/CG.Rdata"

Overfull \hbox (79.55675pt too wide) in paragraph at lines 882--883
[]\T1/ptm/m/n/10 > patch-work.CG.copynumbers(cn2=0.8, delta=0.3, het=0.2, hom=0
.8, name="Example_", CG-file="path/to/CG.Rdata") 
(/usr/local/texlive/2011/texmf-dist/tex/latex/base/utf8.def) [14]
No file Rd2.ind.
[15] (./Rd2.aux)

Package rerunfilecheck Warning: File `Rd2.out' has changed.
(rerunfilecheck)                Rerun to get outlines right
(rerunfilecheck)                or use package `bookmark'.

 )
(see the transcript file for additional information){/usr/local/texlive/2011/te
xmf-dist/fonts/enc/dvips/base/8r.enc}{/usr/local/texlive/2011/texmf-dist/fonts/
enc/dvips/inconsolata/fi4-ec.enc}</usr/local/texlive/2011/texmf-dist/fonts/type
1/public/inconsolata/Inconsolata.pfb></usr/local/texlive/2011/texmf-dist/fonts/
type1/urw/helvetic/uhvr8a.pfb></usr/local/texlive/2011/texmf-dist/fonts/type1/u
rw/times/utmb8a.pfb></usr/local/texlive/2011/texmf-dist/fonts/type1/urw/times/u
tmr8a.pfb></usr/local/texlive/2011/texmf-dist/fonts/type1/urw/times/utmr8a.pfb>
</usr/local/texlive/2011/texmf-dist/fonts/type1/urw/times/utmri8a.pfb>
Output written on Rd2.pdf (15 pages, 95337 bytes).
Transcript written on Rd2.log.
This is makeindex, version 2.15 [TeX Live 2011] (kpathsea + Thai support).
Scanning input file ./Rd2.idx....done (37 entries accepted, 0 rejected).
Sorting entries....done (200 comparisons).
Generating output file ./Rd2.ind....done (77 lines written, 0 warnings).
Output written in ./Rd2.ind.
Transcript written in ./Rd2.ilg.
This is pdfTeX, Version 3.1415926-2.3-1.40.12 (TeX Live 2011)
 restricted \write18 enabled.
entering extended mode

(/private/var/folders/zm/8v842d8n4172k1yc0589p8sw0000gn/T/RtmpLeeswJ/Rd2pdfe098
2ad7f84b/Rd2.tex
LaTeX2e <2009/09/24>
Babel <v3.8l> and hyphenation patterns for english, dumylang, nohyphenation, ge
rman-x-2009-06-19, ngerman-x-2009-06-19, afrikaans, ancientgreek, ibycus, arabi
c, armenian, basque, bulgarian, catalan, pinyin, coptic, croatian, czech, danis
h, dutch, ukenglish, usenglishmax, esperanto, estonian, ethiopic, farsi, finnis
h, french, galician, german, ngerman, swissgerman, monogreek, greek, hungarian,
 icelandic, assamese, bengali, gujarati, hindi, kannada, malayalam, marathi, or
iya, panjabi, tamil, telugu, indonesian, interlingua, irish, italian, kurmanji,
 lao, latin, latvian, lithuanian, mongolian, mongolianlmc, bokmal, nynorsk, pol
ish, portuguese, romanian, russian, sanskrit, serbian, serbianc, slovak, sloven
ian, spanish, swedish, turkish, turkmen, ukrainian, uppersorbian, welsh, loaded
.

(/usr/local/texlive/2011/texmf-dist/tex/latex/base/book.cls
Document Class: book 2007/10/19 v1.4h Standard LaTeX document class
(/usr/local/texlive/2011/texmf-dist/tex/latex/base/bk10.clo))
(/Library/Frameworks/R.framework/Resources/share/texmf/tex/latex/Rd.sty
(/usr/local/texlive/2011/texmf-dist/tex/latex/base/ifthen.sty)
(/usr/local/texlive/2011/texmf-dist/tex/latex/tools/longtable.sty)
(/usr/local/texlive/2011/texmf-dist/tex/latex/tools/bm.sty)
(/usr/local/texlive/2011/texmf-dist/tex/latex/base/alltt.sty)
(/usr/local/texlive/2011/texmf-dist/tex/latex/tools/verbatim.sty)
(/usr/local/texlive/2011/texmf-dist/tex/latex/url/url.sty) NOT loading ae
(/usr/local/texlive/2011/texmf-dist/tex/latex/base/fontenc.sty
(/usr/local/texlive/2011/texmf-dist/tex/latex/base/t1enc.def))
(/usr/local/texlive/2011/texmf-dist/tex/latex/psnfss/times.sty)
NOT loading lmodern
(/usr/local/texlive/2011/texmf-dist/tex/latex/inconsolata/inconsolata.sty
(/usr/local/texlive/2011/texmf-dist/tex/latex/base/textcomp.sty
(/usr/local/texlive/2011/texmf-dist/tex/latex/base/ts1enc.def))
(/usr/local/texlive/2011/texmf-dist/tex/latex/graphics/keyval.sty))
(/usr/local/texlive/2011/texmf-dist/tex/latex/graphics/color.sty
(/usr/local/texlive/2011/texmf-dist/tex/latex/latexconfig/color.cfg)
(/usr/local/texlive/2011/texmf-dist/tex/latex/pdftex-def/pdftex.def
(/usr/local/texlive/2011/texmf-dist/tex/generic/oberdiek/infwarerr.sty)
(/usr/local/texlive/2011/texmf-dist/tex/generic/oberdiek/ltxcmds.sty)))
(/usr/local/texlive/2011/texmf-dist/tex/latex/hyperref/hyperref.sty
(/usr/local/texlive/2011/texmf-dist/tex/generic/oberdiek/hobsub-hyperref.sty
(/usr/local/texlive/2011/texmf-dist/tex/generic/oberdiek/hobsub-generic.sty))
(/usr/local/texlive/2011/texmf-dist/tex/generic/ifxetex/ifxetex.sty)
(/usr/local/texlive/2011/texmf-dist/tex/latex/oberdiek/kvoptions.sty)
(/usr/local/texlive/2011/texmf-dist/tex/latex/hyperref/pd1enc.def)
(/usr/local/texlive/2011/texmf-dist/tex/latex/latexconfig/hyperref.cfg))

Package hyperref Message: Driver (autodetected): hpdftex.

(/usr/local/texlive/2011/texmf-dist/tex/latex/hyperref/hpdftex.def
(/usr/local/texlive/2011/texmf-dist/tex/latex/oberdiek/rerunfilecheck.sty))

Package hyperref Warning: Option `hyperindex' has already been used,
(hyperref)                setting the option has no effect on input line 356.


Package hyperref Warning: Option `pagebackref' has already been used,
(hyperref)                setting the option has no effect on input line 356.

) (/usr/local/texlive/2011/texmf-dist/tex/latex/base/makeidx.sty)
(/usr/local/texlive/2011/texmf-dist/tex/latex/base/inputenc.sty
(/usr/local/texlive/2011/texmf-dist/tex/latex/base/utf8.def
(/usr/local/texlive/2011/texmf-dist/tex/latex/base/t1enc.dfu)
(/usr/local/texlive/2011/texmf-dist/tex/latex/base/ot1enc.dfu)
(/usr/local/texlive/2011/texmf-dist/tex/latex/base/omsenc.dfu)
(/usr/local/texlive/2011/texmf-dist/tex/latex/base/ts1enc.dfu))
(/usr/local/texlive/2011/texmf-dist/tex/latex/base/latin1.def))
Writing index file Rd2.idx
(./Rd2.aux) (/usr/local/texlive/2011/texmf-dist/tex/latex/base/ts1cmr.fd)
(/usr/local/texlive/2011/texmf-dist/tex/latex/psnfss/t1ptm.fd)
(/usr/local/texlive/2011/texmf-dist/tex/context/base/supp-pdf.mkii
[Loading MPS to PDF converter (version 2006.09.02).]
) (/usr/local/texlive/2011/texmf-dist/tex/latex/hyperref/nameref.sty
(/usr/local/texlive/2011/texmf-dist/tex/generic/oberdiek/gettitlestring.sty))
(./Rd2.out) (./Rd2.out)
(/usr/local/texlive/2011/texmf-dist/tex/latex/inconsolata/t1fi4.fd)
(/usr/local/texlive/2011/texmf-dist/tex/latex/psnfss/t1phv.fd) (./Rd2.toc)
(/usr/local/texlive/2011/texmf-dist/tex/latex/base/utf8.def)
Overfull \hbox (30.7977pt too wide) in paragraph at lines 45--46
[]\T1/ptm/m/n/10 Chromosomes name of segm ob-ject, as gen-er-ated from so-mat-i
c-C-n-vSeg-mentsNonDiplod
[1{/usr/local/texlive/2011/texmf-var/fonts/map/pdftex/updmap/pdftex.map}]
Overfull \hbox (10.43842pt too wide) in paragraph at lines 66--67
[]\T1/ptm/m/n/10 Ratio be-tween av-er-agenor-mal-ized-cov-er-age and mean(avera
genormalizedcoverage)

Underfull \hbox (badness 10000) in paragraph at lines 91--92


Underfull \hbox (badness 10000) in paragraph at lines 93--96


Underfull \hbox (badness 10000) in paragraph at lines 105--108


Underfull \hbox (badness 10000) in paragraph at lines 111--114

[2] (/usr/local/texlive/2011/texmf-dist/tex/latex/base/utf8.def)
Underfull \hbox (badness 10000) in paragraph at lines 128--128
[]\T1/ptm/m/it/10 Karyotype plot-ting for each chro-mo-some post patch-

Overfull \hbox (154.78088pt too wide) in paragraph at lines 138--138
 []\T1/fi4/m/n/10 CG_KaChCN(chr,start,end,int,ai,Cn,mCn,mchr,mpos,mval,sval,sch
r,spos,name='',xlim=c(0,2.4),ylim=c(0,1),maxCn=8)[] 

Overfull \hbox (10.43842pt too wide) in paragraph at lines 172--173
[]\T1/ptm/m/n/10 Ratio be-tween av-er-agenor-mal-ized-cov-er-age and mean(avera
genormalizedcoverage)

Underfull \hbox (badness 10000) in paragraph at lines 202--205

[3]
Underfull \hbox (badness 10000) in paragraph at lines 212--215


Underfull \hbox (badness 10000) in paragraph at lines 218--221


Underfull \hbox (badness 10000) in paragraph at lines 224--227


Overfull \hbox (99.07953pt too wide) in paragraph at lines 232--234
[]\T1/ptm/m/n/10 Markus Mayrhofer, \T1/fi4/m/n/10 <markus.mayrhofer@medsci.uu.s
e> \T1/ptm/m/n/10 Se-bas-tian DiLorenzo, \T1/fi4/m/n/10 <sebastian.dilorenzo@me
dsci.uu.se> 
(/usr/local/texlive/2011/texmf-dist/tex/latex/base/utf8.def)
Overfull \hbox (30.7977pt too wide) in paragraph at lines 256--257
[]\T1/ptm/m/n/10 Chromosomes name of segm ob-ject, as gen-er-ated from so-mat-i
c-C-n-vSeg-mentsNonDiplod
[4]
Underfull \hbox (badness 10000) in paragraph at lines 284--286

(/usr/local/texlive/2011/texmf-dist/tex/latex/base/utf8.def) [5]
Underfull \hbox (badness 10000) in paragraph at lines 354--356

(/usr/local/texlive/2011/texmf-dist/tex/latex/base/utf8.def) [6]
(/usr/local/texlive/2011/texmf-dist/tex/latex/base/utf8.def)
Overfull \hbox (9.78088pt too wide) in paragraph at lines 428--428
 []\T1/fi4/m/n/10 patchwork.CG.copynumbers(cn2,delta,het,hom,maxCn=8,ceiling=1,
name="copynumbers_",[] 
[7]
Underfull \hbox (badness 10000) in paragraph at lines 470--474


Overfull \hbox (4.9977pt too wide) in paragraph at lines 475--477
\T1/ptm/m/n/10 gen-er-ate the plots and Copy-num-bers.csv. Other than this plot
s from CG_Ka_check and CG_KaChCN
[8] (/usr/local/texlive/2011/texmf-dist/tex/latex/base/utf8.def) [9] [10]
[11] (/usr/local/texlive/2011/texmf-dist/tex/latex/base/utf8.def)
Overfull \hbox (15.23685pt too wide) in paragraph at lines 737--738
[]\T1/ptm/m/n/10 The source codes can also be down-loaded out-side of R at http
s://r-forge.r-project.org/R/?group_id=1250 

Overfull \hbox (50.31569pt too wide) in paragraph at lines 747--748
[]\T1/ptm/m/n/10 An un-packed Com-pleteGe-nomics tu-mor genome data ASM di-rec-
tory. Specif-i-cally the files ASM/masterVarBeta,
[12]
Overfull \hbox (147.59558pt too wide) in paragraph at lines 771--774
[]\T1/ptm/m/n/10 patchwork.CG.plot(path=NULL,name='CG_sample',manual_file_input
=FALSE, mas-ter-Var-Beta=NULL,somaticCnvSegments=NULL,

Overfull \hbox (3.09784pt too wide) in paragraph at lines 831--834
[]\T1/ptm/m/n/10 For this func-tion to work you will need to have ob-tained the
 CG.Rdata file from patch-work.CG.plot().
[13]
Overfull \hbox (93.89645pt too wide) in paragraph at lines 844--846
[]\T1/ptm/m/n/10 patchwork.CG.copynumbers(cn2,delta,het,hom,maxCn=8,ceiling=1,n
ame="copynumbers_", CG-file=NULL,forcedelta=F) 

Overfull \hbox (27.70715pt too wide) in paragraph at lines 869--874
\T1/ptm/m/n/10 to move it to your work-ing di-rec-tory, you can sim-ply in-put 
the path here as CG-file = "path/to/file/CG.Rdata"

Overfull \hbox (79.55675pt too wide) in paragraph at lines 882--883
[]\T1/ptm/m/n/10 > patch-work.CG.copynumbers(cn2=0.8, delta=0.3, het=0.2, hom=0
.8, name="Example_", CG-file="path/to/CG.Rdata") 
(/usr/local/texlive/2011/texmf-dist/tex/latex/base/utf8.def) [14] (./Rd2.ind
[15]

LaTeX Font Warning: Font shape `T1/fi4/m/it' undefined
(Font)              using `T1/fi4/m/n' instead on input line 11.

[16]) (./Rd2.aux)

Package rerunfilecheck Warning: File `Rd2.out' has changed.
(rerunfilecheck)                Rerun to get outlines right
(rerunfilecheck)                or use package `bookmark'.


LaTeX Font Warning: Some font shapes were not available, defaults substituted.

 )
(see the transcript file for additional information){/usr/local/texlive/2011/te
xmf-dist/fonts/enc/dvips/base/8r.enc}{/usr/local/texlive/2011/texmf-dist/fonts/
enc/dvips/inconsolata/fi4-ec.enc}</usr/local/texlive/2011/texmf-dist/fonts/type
1/public/inconsolata/Inconsolata.pfb></usr/local/texlive/2011/texmf-dist/fonts/
type1/urw/helvetic/uhvr8a.pfb></usr/local/texlive/2011/texmf-dist/fonts/type1/u
rw/times/utmb8a.pfb></usr/local/texlive/2011/texmf-dist/fonts/type1/urw/times/u
tmr8a.pfb></usr/local/texlive/2011/texmf-dist/fonts/type1/urw/times/utmr8a.pfb>
</usr/local/texlive/2011/texmf-dist/fonts/type1/urw/times/utmri8a.pfb>
Output written on Rd2.pdf (16 pages, 99356 bytes).
Transcript written on Rd2.log.
This is makeindex, version 2.15 [TeX Live 2011] (kpathsea + Thai support).
Scanning input file ./Rd2.idx....done (37 entries accepted, 0 rejected).
Sorting entries....done (201 comparisons).
Generating output file ./Rd2.ind....done (77 lines written, 1 warning).
Output written in ./Rd2.ind.
Transcript written in ./Rd2.ilg.
This is pdfTeX, Version 3.1415926-2.3-1.40.12 (TeX Live 2011)
 restricted \write18 enabled.
entering extended mode

(/private/var/folders/zm/8v842d8n4172k1yc0589p8sw0000gn/T/RtmpLeeswJ/Rd2pdfe098
2ad7f84b/Rd2.tex
LaTeX2e <2009/09/24>
Babel <v3.8l> and hyphenation patterns for english, dumylang, nohyphenation, ge
rman-x-2009-06-19, ngerman-x-2009-06-19, afrikaans, ancientgreek, ibycus, arabi
c, armenian, basque, bulgarian, catalan, pinyin, coptic, croatian, czech, danis
h, dutch, ukenglish, usenglishmax, esperanto, estonian, ethiopic, farsi, finnis
h, french, galician, german, ngerman, swissgerman, monogreek, greek, hungarian,
 icelandic, assamese, bengali, gujarati, hindi, kannada, malayalam, marathi, or
iya, panjabi, tamil, telugu, indonesian, interlingua, irish, italian, kurmanji,
 lao, latin, latvian, lithuanian, mongolian, mongolianlmc, bokmal, nynorsk, pol
ish, portuguese, romanian, russian, sanskrit, serbian, serbianc, slovak, sloven
ian, spanish, swedish, turkish, turkmen, ukrainian, uppersorbian, welsh, loaded
.

(/usr/local/texlive/2011/texmf-dist/tex/latex/base/book.cls
Document Class: book 2007/10/19 v1.4h Standard LaTeX document class
(/usr/local/texlive/2011/texmf-dist/tex/latex/base/bk10.clo))
(/Library/Frameworks/R.framework/Resources/share/texmf/tex/latex/Rd.sty
(/usr/local/texlive/2011/texmf-dist/tex/latex/base/ifthen.sty)
(/usr/local/texlive/2011/texmf-dist/tex/latex/tools/longtable.sty)
(/usr/local/texlive/2011/texmf-dist/tex/latex/tools/bm.sty)
(/usr/local/texlive/2011/texmf-dist/tex/latex/base/alltt.sty)
(/usr/local/texlive/2011/texmf-dist/tex/latex/tools/verbatim.sty)
(/usr/local/texlive/2011/texmf-dist/tex/latex/url/url.sty) NOT loading ae
(/usr/local/texlive/2011/texmf-dist/tex/latex/base/fontenc.sty
(/usr/local/texlive/2011/texmf-dist/tex/latex/base/t1enc.def))
(/usr/local/texlive/2011/texmf-dist/tex/latex/psnfss/times.sty)
NOT loading lmodern
(/usr/local/texlive/2011/texmf-dist/tex/latex/inconsolata/inconsolata.sty
(/usr/local/texlive/2011/texmf-dist/tex/latex/base/textcomp.sty
(/usr/local/texlive/2011/texmf-dist/tex/latex/base/ts1enc.def))
(/usr/local/texlive/2011/texmf-dist/tex/latex/graphics/keyval.sty))
(/usr/local/texlive/2011/texmf-dist/tex/latex/graphics/color.sty
(/usr/local/texlive/2011/texmf-dist/tex/latex/latexconfig/color.cfg)
(/usr/local/texlive/2011/texmf-dist/tex/latex/pdftex-def/pdftex.def
(/usr/local/texlive/2011/texmf-dist/tex/generic/oberdiek/infwarerr.sty)
(/usr/local/texlive/2011/texmf-dist/tex/generic/oberdiek/ltxcmds.sty)))
(/usr/local/texlive/2011/texmf-dist/tex/latex/hyperref/hyperref.sty
(/usr/local/texlive/2011/texmf-dist/tex/generic/oberdiek/hobsub-hyperref.sty
(/usr/local/texlive/2011/texmf-dist/tex/generic/oberdiek/hobsub-generic.sty))
(/usr/local/texlive/2011/texmf-dist/tex/generic/ifxetex/ifxetex.sty)
(/usr/local/texlive/2011/texmf-dist/tex/latex/oberdiek/kvoptions.sty)
(/usr/local/texlive/2011/texmf-dist/tex/latex/hyperref/pd1enc.def)
(/usr/local/texlive/2011/texmf-dist/tex/latex/latexconfig/hyperref.cfg))

Package hyperref Message: Driver (autodetected): hpdftex.

(/usr/local/texlive/2011/texmf-dist/tex/latex/hyperref/hpdftex.def
(/usr/local/texlive/2011/texmf-dist/tex/latex/oberdiek/rerunfilecheck.sty))

Package hyperref Warning: Option `hyperindex' has already been used,
(hyperref)                setting the option has no effect on input line 356.


Package hyperref Warning: Option `pagebackref' has already been used,
(hyperref)                setting the option has no effect on input line 356.

) (/usr/local/texlive/2011/texmf-dist/tex/latex/base/makeidx.sty)
(/usr/local/texlive/2011/texmf-dist/tex/latex/base/inputenc.sty
(/usr/local/texlive/2011/texmf-dist/tex/latex/base/utf8.def
(/usr/local/texlive/2011/texmf-dist/tex/latex/base/t1enc.dfu)
(/usr/local/texlive/2011/texmf-dist/tex/latex/base/ot1enc.dfu)
(/usr/local/texlive/2011/texmf-dist/tex/latex/base/omsenc.dfu)
(/usr/local/texlive/2011/texmf-dist/tex/latex/base/ts1enc.dfu))
(/usr/local/texlive/2011/texmf-dist/tex/latex/base/latin1.def))
Writing index file Rd2.idx
(./Rd2.aux) (/usr/local/texlive/2011/texmf-dist/tex/latex/base/ts1cmr.fd)
(/usr/local/texlive/2011/texmf-dist/tex/latex/psnfss/t1ptm.fd)
(/usr/local/texlive/2011/texmf-dist/tex/context/base/supp-pdf.mkii
[Loading MPS to PDF converter (version 2006.09.02).]
) (/usr/local/texlive/2011/texmf-dist/tex/latex/hyperref/nameref.sty
(/usr/local/texlive/2011/texmf-dist/tex/generic/oberdiek/gettitlestring.sty))
(./Rd2.out) (./Rd2.out)
(/usr/local/texlive/2011/texmf-dist/tex/latex/inconsolata/t1fi4.fd)
(/usr/local/texlive/2011/texmf-dist/tex/latex/psnfss/t1phv.fd) (./Rd2.toc)
(/usr/local/texlive/2011/texmf-dist/tex/latex/base/utf8.def)
Overfull \hbox (30.7977pt too wide) in paragraph at lines 45--46
[]\T1/ptm/m/n/10 Chromosomes name of segm ob-ject, as gen-er-ated from so-mat-i
c-C-n-vSeg-mentsNonDiplod
[1{/usr/local/texlive/2011/texmf-var/fonts/map/pdftex/updmap/pdftex.map}]
Overfull \hbox (10.43842pt too wide) in paragraph at lines 66--67
[]\T1/ptm/m/n/10 Ratio be-tween av-er-agenor-mal-ized-cov-er-age and mean(avera
genormalizedcoverage)

Underfull \hbox (badness 10000) in paragraph at lines 91--92


Underfull \hbox (badness 10000) in paragraph at lines 93--96


Underfull \hbox (badness 10000) in paragraph at lines 105--108


Underfull \hbox (badness 10000) in paragraph at lines 111--114

[2] (/usr/local/texlive/2011/texmf-dist/tex/latex/base/utf8.def)
Underfull \hbox (badness 10000) in paragraph at lines 128--128
[]\T1/ptm/m/it/10 Karyotype plot-ting for each chro-mo-some post patch-

Overfull \hbox (154.78088pt too wide) in paragraph at lines 138--138
 []\T1/fi4/m/n/10 CG_KaChCN(chr,start,end,int,ai,Cn,mCn,mchr,mpos,mval,sval,sch
r,spos,name='',xlim=c(0,2.4),ylim=c(0,1),maxCn=8)[] 

Overfull \hbox (10.43842pt too wide) in paragraph at lines 172--173
[]\T1/ptm/m/n/10 Ratio be-tween av-er-agenor-mal-ized-cov-er-age and mean(avera
genormalizedcoverage)

Underfull \hbox (badness 10000) in paragraph at lines 202--205

[3]
Underfull \hbox (badness 10000) in paragraph at lines 212--215


Underfull \hbox (badness 10000) in paragraph at lines 218--221


Underfull \hbox (badness 10000) in paragraph at lines 224--227


Overfull \hbox (99.07953pt too wide) in paragraph at lines 232--234
[]\T1/ptm/m/n/10 Markus Mayrhofer, \T1/fi4/m/n/10 <markus.mayrhofer@medsci.uu.s
e> \T1/ptm/m/n/10 Se-bas-tian DiLorenzo, \T1/fi4/m/n/10 <sebastian.dilorenzo@me
dsci.uu.se> 
(/usr/local/texlive/2011/texmf-dist/tex/latex/base/utf8.def)
Overfull \hbox (30.7977pt too wide) in paragraph at lines 256--257
[]\T1/ptm/m/n/10 Chromosomes name of segm ob-ject, as gen-er-ated from so-mat-i
c-C-n-vSeg-mentsNonDiplod
[4]
Underfull \hbox (badness 10000) in paragraph at lines 284--286

(/usr/local/texlive/2011/texmf-dist/tex/latex/base/utf8.def) [5]
Underfull \hbox (badness 10000) in paragraph at lines 354--356

(/usr/local/texlive/2011/texmf-dist/tex/latex/base/utf8.def) [6]
(/usr/local/texlive/2011/texmf-dist/tex/latex/base/utf8.def)
Overfull \hbox (9.78088pt too wide) in paragraph at lines 428--428
 []\T1/fi4/m/n/10 patchwork.CG.copynumbers(cn2,delta,het,hom,maxCn=8,ceiling=1,
name="copynumbers_",[] 
[7]
Underfull \hbox (badness 10000) in paragraph at lines 470--474


Overfull \hbox (4.9977pt too wide) in paragraph at lines 475--477
\T1/ptm/m/n/10 gen-er-ate the plots and Copy-num-bers.csv. Other than this plot
s from CG_Ka_check and CG_KaChCN
[8] (/usr/local/texlive/2011/texmf-dist/tex/latex/base/utf8.def) [9] [10]
[11] (/usr/local/texlive/2011/texmf-dist/tex/latex/base/utf8.def)
Overfull \hbox (15.23685pt too wide) in paragraph at lines 737--738
[]\T1/ptm/m/n/10 The source codes can also be down-loaded out-side of R at http
s://r-forge.r-project.org/R/?group_id=1250 

Overfull \hbox (50.31569pt too wide) in paragraph at lines 747--748
[]\T1/ptm/m/n/10 An un-packed Com-pleteGe-nomics tu-mor genome data ASM di-rec-
tory. Specif-i-cally the files ASM/masterVarBeta,
[12]
Overfull \hbox (147.59558pt too wide) in paragraph at lines 771--774
[]\T1/ptm/m/n/10 patchwork.CG.plot(path=NULL,name='CG_sample',manual_file_input
=FALSE, mas-ter-Var-Beta=NULL,somaticCnvSegments=NULL,

Overfull \hbox (3.09784pt too wide) in paragraph at lines 831--834
[]\T1/ptm/m/n/10 For this func-tion to work you will need to have ob-tained the
 CG.Rdata file from patch-work.CG.plot().
[13]
Overfull \hbox (93.89645pt too wide) in paragraph at lines 844--846
[]\T1/ptm/m/n/10 patchwork.CG.copynumbers(cn2,delta,het,hom,maxCn=8,ceiling=1,n
ame="copynumbers_", CG-file=NULL,forcedelta=F) 

Overfull \hbox (27.70715pt too wide) in paragraph at lines 869--874
\T1/ptm/m/n/10 to move it to your work-ing di-rec-tory, you can sim-ply in-put 
the path here as CG-file = "path/to/file/CG.Rdata"

Overfull \hbox (79.55675pt too wide) in paragraph at lines 882--883
[]\T1/ptm/m/n/10 > patch-work.CG.copynumbers(cn2=0.8, delta=0.3, het=0.2, hom=0
.8, name="Example_", CG-file="path/to/CG.Rdata") 
(/usr/local/texlive/2011/texmf-dist/tex/latex/base/utf8.def) [14] (./Rd2.ind
[15]

LaTeX Font Warning: Font shape `T1/fi4/m/it' undefined
(Font)              using `T1/fi4/m/n' instead on input line 11.

[16]) (./Rd2.aux)

LaTeX Font Warning: Some font shapes were not available, defaults substituted.

 )
(see the transcript file for additional information){/usr/local/texlive/2011/te
xmf-dist/fonts/enc/dvips/base/8r.enc}{/usr/local/texlive/2011/texmf-dist/fonts/
enc/dvips/inconsolata/fi4-ec.enc}</usr/local/texlive/2011/texmf-dist/fonts/type
1/public/inconsolata/Inconsolata.pfb></usr/local/texlive/2011/texmf-dist/fonts/
type1/urw/helvetic/uhvr8a.pfb></usr/local/texlive/2011/texmf-dist/fonts/type1/u
rw/times/utmb8a.pfb></usr/local/texlive/2011/texmf-dist/fonts/type1/urw/times/u
tmr8a.pfb></usr/local/texlive/2011/texmf-dist/fonts/type1/urw/times/utmr8a.pfb>
</usr/local/texlive/2011/texmf-dist/fonts/type1/urw/times/utmri8a.pfb>
Output written on Rd2.pdf (16 pages, 99853 bytes).
Transcript written on Rd2.log.
Saving output to 'patchworkCG-manual.pdf' ...
Done
You may want to clean up by 'rm -rf /var/folders/zm/8v842d8n4172k1yc0589p8sw0000gn/T//RtmpLeeswJ/Rd2pdfe0982ad7f84b'
